<?xml version="1.0" encoding="UTF-8"?>
<!-- Generated by org.testng.reporters.JUnitXMLReporter -->
<testsuite hostname="DESKTOP-9AE2FHV" ignored="0" name="AddCusmtomerTest" tests="3" failures="0" timestamp="2020-07-19T13:36:21 IST" time="14.102" errors="0">
  <testcase name="addCustomer" time="4.989" classname="com.thiru.testcases.AddCustomerTest"/>
  <testcase name="addCustomer" time="4.507" classname="com.thiru.testcases.AddCustomerTest"/>
  <testcase name="addCustomer" time="4.386" classname="com.thiru.testcases.AddCustomerTest"/>
</testsuite> <!-- AddCusmtomerTest -->
