<?xml version="1.0" encoding="UTF-8"?>
<!-- Generated by org.testng.reporters.JUnitXMLReporter -->
<testsuite hostname="DESKTOP-9AE2FHV" ignored="0" name="LoginTest" tests="1" failures="1" timestamp="2020-07-19T13:36:07 IST" time="3.623" errors="0">
  <testcase name="loginasBM" time="3.273" classname="com.thiru.testcases.BankManagerLoginTest">
    <failure type="java.lang.AssertionError" message="Login failed">
      <![CDATA[java.lang.AssertionError: Login failed
at com.thiru.testcases.BankManagerLoginTest.loginasBM(BankManagerLoginTest.java:23)
at java.util.ArrayList.forEach(ArrayList.java:1259)
... Removed 28 stack frames]]>
    </failure>
  </testcase> <!-- loginasBM -->
</testsuite> <!-- LoginTest -->
