<?xml version="1.0" encoding="UTF-8"?>
<testsuite xmlns:xsi="http://www.w3.org/2001/XMLSchema-instance" xsi:noNamespaceSchemaLocation="https://maven.apache.org/surefire/maven-surefire-plugin/xsd/surefire-test-report-3.0.xsd" version="3.0" name="TestSuite" time="21.73" tests="3" errors="0" skipped="0" failures="1">
  <properties>
[...]
</properties>
  <testcase name="loginasBM" classname="com.thiru.testcases.BankManagerLoginTest" time="3.383">
    <failure message="Login failed" type="java.lang.AssertionError"><![CDATA[java.lang.AssertionError: Login failed
	at com.thiru.testcases.BankManagerLoginTest.loginasBM(BankManagerLoginTest.java:23)
]]></failure>
    <system-out><![CDATA[Working Directory = E:\learning\selenium\seleniumworkspace\datadrivenapproach
]]></system-out>
    <system-err><![CDATA[SLF4J: Failed to load class "org.slf4j.impl.StaticLoggerBinder".
SLF4J: Defaulting to no-operation (NOP) logger implementation
SLF4J: See http://www.slf4j.org/codes.html#StaticLoggerBinder for further details.
Starting ChromeDriver 84.0.4147.30 (48b3e868b4cc0aa7e8149519690b6f6949e110a8-refs/branch-heads/4147@{#310}) on port 15412
Only local connections are allowed.
Please see https://chromedriver.chromium.org/security-considerations for suggestions on keeping ChromeDriver safe.
ChromeDriver was started successfully.
Jul 18, 2020 6:59:24 PM org.openqa.selenium.remote.ProtocolHandshake createSession
INFO: Detected dialect: W3C
]]></system-err>
  </testcase>
  <testcase name="addCustomer[Raghav, Mital, A54666](1)" classname="com.thiru.testcases.AddCustomerTest" time="4.562"/>
  <testcase name="addCustomer[Blki, Kilop, B4545](2)" classname="com.thiru.testcases.AddCustomerTest" time="4.315"/>
</testsuite>