<?xml version="1.0" encoding="UTF-8"?>
<testsuite name="AddCusmtomerTest"
           tests="3"
           failures="0"
           errors="0"
           skipped="0"
           time="13.882">
  <properties />
  
  
            <testcase name="addCustomer" time="4.989" classname="com.thiru.testcases.AddCustomerTest" />
                <testcase name="addCustomer" time="4.507" classname="com.thiru.testcases.AddCustomerTest" />
                <testcase name="addCustomer" time="4.386" classname="com.thiru.testcases.AddCustomerTest" />
      
</testsuite>
